2014-12-15 09:51:26.438  DEBUG [ConfigServiceUpdater-1] --- d.z.a.r.UpdateableWebServiceResource     : Updating configuration from central config service now...
2014-12-15 09:51:28.135   INFO [ConfigServiceUpdater-1] --- d.z.config.client.ConfigServiceClient    : Following configurations were changed in the Config Service: [cupe.packAttachment.enabled, cupe.shipmentDiscount.enabled, job.updateCageProductFlag.cronJobExpression, shop.catalog.isShowModelOnHover, shop.mobileApi.feature.toggles] The new configurations are active now.
2014-12-15 09:52:26.438  DEBUG [ConfigServiceUpdater-1] --- d.z.a.r.UpdateableWebServiceResource     : Updating configuration from central config service now...
2014-12-15 09:53:26.438  DEBUG [ConfigServiceUpdater-1] --- d.z.a.r.UpdateableWebServiceResource     : Updating configuration from central config service now...
2014-12-15 09:54:26.438  DEBUG [ConfigServiceUpdater-1] --- d.z.a.r.UpdateableWebServiceResource     : Updating configuration from central config service now...
2014-12-15 09:55:26.484  DEBUG [ConfigServiceUpdater-1] --- d.z.a.r.UpdateableWebServiceResource     : Updating configuration from central config service now...
2014-12-15 09:56:26.438  DEBUG [ConfigServiceUpdater-1] --- d.z.a.r.UpdateableWebServiceResource     : Updating configuration from central config service now...
2014-12-15 09:57:26.438  DEBUG [ConfigServiceUpdater-1] --- d.z.a.r.UpdateableWebServiceResource     : Updating configuration from central config service now...
2014-12-15 09:58:26.438  DEBUG [ConfigServiceUpdater-1] --- d.z.a.r.UpdateableWebServiceResource     : Updating configuration from central config service now...
2014-12-15 09:59:26.438  DEBUG [ConfigServiceUpdater-1] --- d.z.a.r.UpdateableWebServiceResource     : Updating configuration from central config service now...
2014-12-15 10:00:26.439  DEBUG [ConfigServiceUpdater-1] --- d.z.a.r.UpdateableWebServiceResource     : Updating configuration from central config service now...
2014-12-15 10:01:26.438  DEBUG [ConfigServiceUpdater-1] --- d.z.a.r.UpdateableWebServiceResource     : Updating configuration from central config service now...
2014-12-15 10:02:26.438  DEBUG [ConfigServiceUpdater-1] --- d.z.a.r.UpdateableWebServiceResource     : Updating configuration from central config service now...
2014-12-15 10:03:26.439  DEBUG [ConfigServiceUpdater-1] --- d.z.a.r.UpdateableWebServiceResource     : Updating configuration from central config service now...
2014-12-15 10:04:26.443  DEBUG [ConfigServiceUpdater-1] --- d.z.a.r.UpdateableWebServiceResource     : Updating configuration from central config service now...
2014-12-15 10:05:26.439  DEBUG [ConfigServiceUpdater-1] --- d.z.a.r.UpdateableWebServiceResource     : Updating configuration from central config service now...
2014-12-15 10:05:43.032   INFO [pool-1-thread-1] --- d.z.p.p.s.AttributeDefinitionService     : Retrieving masterDataReadWebService.getAllAttributeDefinitions(false)
2014-12-15 10:06:26.438  DEBUG [ConfigServiceUpdater-1] --- d.z.a.r.UpdateableWebServiceResource     : Updating configuration from central config service now...
2014-12-15 10:07:26.438  DEBUG [ConfigServiceUpdater-1] --- d.z.a.r.UpdateableWebServiceResource     : Updating configuration from central config service now...
2014-12-15 10:08:26.438  DEBUG [ConfigServiceUpdater-1] --- d.z.a.r.UpdateableWebServiceResource     : Updating configuration from central config service now...
2014-12-15 10:09:26.438  DEBUG [ConfigServiceUpdater-1] --- d.z.a.r.UpdateableWebServiceResource     : Updating configuration from central config service now...
2014-12-15 10:10:26.439  DEBUG [ConfigServiceUpdater-1] --- d.z.a.r.UpdateableWebServiceResource     : Updating configuration from central config service now...
2014-12-15 10:11:26.439  DEBUG [ConfigServiceUpdater-1] --- d.z.a.r.UpdateableWebServiceResource     : Updating configuration from central config service now...
2014-12-15 10:12:26.438  DEBUG [ConfigServiceUpdater-1] --- d.z.a.r.UpdateableWebServiceResource     : Updating configuration from central config service now...
2014-12-15 10:13:26.438  DEBUG [ConfigServiceUpdater-1] --- d.z.a.r.UpdateableWebServiceResource     : Updating configuration from central config service now...
2014-12-15 10:14:26.439  DEBUG [ConfigServiceUpdater-1] --- d.z.a.r.UpdateableWebServiceResource     : Updating configuration from central config service now...
2014-12-15 10:15:26.438  DEBUG [ConfigServiceUpdater-1] --- d.z.a.r.UpdateableWebServiceResource     : Updating configuration from central config service now...
2014-12-15 10:16:26.438  DEBUG [ConfigServiceUpdater-1] --- d.z.a.r.UpdateableWebServiceResource     : Updating configuration from central config service now...
2014-12-15 10:17:00.695  DEBUG [http-nio-8080-exec-8] --- d.z.p.p.w.filter.FlowIdDecoratorFilter   : generated FlowId : RzSn2RycSsOovGgzXFnXeQ
2014-12-15 10:17:00.711 RzSn2RycSsOovGgzXFnXeQ  INFO [http-nio-8080-exec-8] --- d.z.p.pet.web.rest.LoginController       : REST request to check if the current user is authenticated
2014-12-15 10:17:01.108  DEBUG [http-nio-8080-exec-7] --- d.z.p.p.w.filter.FlowIdDecoratorFilter   : generated FlowId : R4Cas-Z3Ta-NVljB8zvfGQ
2014-12-15 10:17:01.109 R4Cas-Z3Ta-NVljB8zvfGQ  INFO [http-nio-8080-exec-7] --- d.z.p.pet.web.rest.LoginController       : REST request to check if the current user is authenticated
2014-12-15 10:17:02.382  DEBUG [http-nio-8080-exec-4] --- d.z.p.p.w.filter.FlowIdDecoratorFilter   : generated FlowId : R8jruWKVQ4e2XFHSChUWKQ
2014-12-15 10:17:02.383 R8jruWKVQ4e2XFHSChUWKQ  INFO [http-nio-8080-exec-4] --- d.z.p.pet.web.rest.LoginController       : REST request to check if the current user is authenticated
2014-12-15 10:17:02.677  DEBUG [http-nio-8080-exec-7] --- d.z.p.p.w.filter.FlowIdDecoratorFilter   : generated FlowId : RxNUssy_Q-SxDu-FCX3iyg
2014-12-15 10:17:02.678 RxNUssy_Q-SxDu-FCX3iyg  INFO [http-nio-8080-exec-7] --- d.z.p.pet.web.rest.LoginController       : REST request to check if the current user is authenticated
2014-12-15 10:17:03.766   INFO [http-nio-8080-exec-2] --- o.s.b.a.audit.listener.AuditListener     : AuditEvent [timestamp=Mon Dec 15 10:17:03 CET 2014, principal=goekhan.aksakalli@zalando.de, type=AUTHENTICATION_SUCCESS, data={details=org.springframework.security.web.authentication.WebAuthenticationDetails@957e: RemoteIpAddress: 127.0.0.1; SessionId: null}]
2014-12-15 10:17:03.771   INFO [http-nio-8080-exec-2] --- o.s.b.a.audit.listener.AuditListener     : AuditEvent [timestamp=Mon Dec 15 10:17:03 CET 2014, principal=goekhan.aksakalli@zalando.de, type=AUTHENTICATION_SUCCESS, data={details=org.springframework.security.web.authentication.WebAuthenticationDetails@957e: RemoteIpAddress: 127.0.0.1; SessionId: null}]
2014-12-15 10:17:03.794  DEBUG [http-nio-8080-exec-4] --- d.z.p.p.w.filter.FlowIdDecoratorFilter   : generated FlowId : R92TuUFpRUSncDRROEDKUQ
2014-12-15 10:17:03.800  DEBUG [http-nio-8080-exec-1] --- d.z.p.p.w.filter.FlowIdDecoratorFilter   : generated FlowId : Rw88kRWdSxGQ6Xn-HkvduA
2014-12-15 10:17:03.801 Rw88kRWdSxGQ6Xn-HkvduA  INFO [http-nio-8080-exec-1] --- d.z.p.pet.web.rest.LoginController       : REST request to check if the current user is authenticated
2014-12-15 10:17:03.819  DEBUG [http-nio-8080-exec-9] --- d.z.p.p.w.filter.FlowIdDecoratorFilter   : generated FlowId : R67a6LZWSputyQL1VRLOxA
2014-12-15 10:17:03.821 R67a6LZWSputyQL1VRLOxA  INFO [http-nio-8080-exec-9] --- d.z.p.pet.web.rest.LoginController       : REST request to check if the current user is authenticated
2014-12-15 10:17:26.439  DEBUG [ConfigServiceUpdater-1] --- d.z.a.r.UpdateableWebServiceResource     : Updating configuration from central config service now...
2014-12-15 10:17:33.574  DEBUG [http-nio-8080-exec-2] --- d.z.p.p.w.filter.FlowIdDecoratorFilter   : generated FlowId : R5fD8LuTTvW64omAGg9f9g
2014-12-15 10:17:33.576 R5fD8LuTTvW64omAGg9f9g  INFO [http-nio-8080-exec-2] --- d.z.p.pet.web.rest.LoginController       : REST request to check if the current user is authenticated
2014-12-15 10:17:33.628  DEBUG [http-nio-8080-exec-10] --- d.z.p.p.w.filter.FlowIdDecoratorFilter   : generated FlowId : R1r4PjXaSEqR0H1-xmggAg
2014-12-15 10:17:34.535  DEBUG [http-nio-8080-exec-10] --- d.z.p.p.w.filter.FlowIdDecoratorFilter   : generated FlowId : R-SE5bRkTR65LuqpXrM-AA
2014-12-15 10:17:34.536 R-SE5bRkTR65LuqpXrM-AA  INFO [http-nio-8080-exec-10] --- d.z.p.pet.web.rest.LoginController       : REST request to check if the current user is authenticated
2014-12-15 10:17:53.764   INFO [http-nio-8080-exec-5] --- o.s.b.a.audit.listener.AuditListener     : AuditEvent [timestamp=Mon Dec 15 10:17:53 CET 2014, principal=goekhan.aksakalli@zalando.de, type=AUTHENTICATION_SUCCESS, data={details=org.springframework.security.web.authentication.WebAuthenticationDetails@957e: RemoteIpAddress: 127.0.0.1; SessionId: null}]
2014-12-15 10:17:53.767   INFO [http-nio-8080-exec-5] --- o.s.b.a.audit.listener.AuditListener     : AuditEvent [timestamp=Mon Dec 15 10:17:53 CET 2014, principal=goekhan.aksakalli@zalando.de, type=AUTHENTICATION_SUCCESS, data={details=org.springframework.security.web.authentication.WebAuthenticationDetails@957e: RemoteIpAddress: 127.0.0.1; SessionId: null}]
2014-12-15 10:17:53.964  DEBUG [http-nio-8080-exec-8] --- d.z.p.p.w.filter.FlowIdDecoratorFilter   : generated FlowId : R437q1WjQ5-bBoXT0N3TRA
2014-12-15 10:17:53.965  DEBUG [http-nio-8080-exec-3] --- d.z.p.p.w.filter.FlowIdDecoratorFilter   : generated FlowId : R0foHM6kQ76BEYDgldfQEQ
2014-12-15 10:17:53.968 R0foHM6kQ76BEYDgldfQEQ  INFO [http-nio-8080-exec-3] --- d.z.p.pet.web.rest.LoginController       : REST request to check if the current user is authenticated
2014-12-15 10:17:54.161  DEBUG [http-nio-8080-exec-10] --- d.z.p.p.w.filter.FlowIdDecoratorFilter   : generated FlowId : R0HuKjtXR2G76ZCH2ZsDLw
2014-12-15 10:17:54.162 R0HuKjtXR2G76ZCH2ZsDLw  INFO [http-nio-8080-exec-10] --- d.z.p.pet.web.rest.LoginController       : REST request to check if the current user is authenticated
2014-12-15 10:18:26.438  DEBUG [ConfigServiceUpdater-1] --- d.z.a.r.UpdateableWebServiceResource     : Updating configuration from central config service now...
2014-12-15 10:19:26.441  DEBUG [ConfigServiceUpdater-1] --- d.z.a.r.UpdateableWebServiceResource     : Updating configuration from central config service now...
2014-12-15 10:20:26.438  DEBUG [ConfigServiceUpdater-1] --- d.z.a.r.UpdateableWebServiceResource     : Updating configuration from central config service now...
2014-12-15 10:20:46.681   INFO [pool-1-thread-1] --- d.z.p.p.s.AttributeDefinitionService     : Retrieving masterDataReadWebService.getAllAttributeDefinitions(false)
2014-12-15 10:21:26.438  DEBUG [ConfigServiceUpdater-1] --- d.z.a.r.UpdateableWebServiceResource     : Updating configuration from central config service now...
2014-12-15 10:22:26.438  DEBUG [ConfigServiceUpdater-1] --- d.z.a.r.UpdateableWebServiceResource     : Updating configuration from central config service now...
2014-12-15 10:23:26.438  DEBUG [ConfigServiceUpdater-1] --- d.z.a.r.UpdateableWebServiceResource     : Updating configuration from central config service now...
2014-12-15 10:24:26.438  DEBUG [ConfigServiceUpdater-1] --- d.z.a.r.UpdateableWebServiceResource     : Updating configuration from central config service now...
2014-12-15 10:25:26.438  DEBUG [ConfigServiceUpdater-1] --- d.z.a.r.UpdateableWebServiceResource     : Updating configuration from central config service now...
2014-12-15 10:25:26.872  DEBUG [http-nio-8080-exec-5] --- d.z.p.p.w.filter.FlowIdDecoratorFilter   : generated FlowId : RwniFVQ0S1qC38fW2neweQ
2014-12-15 10:25:26.873 RwniFVQ0S1qC38fW2neweQ  INFO [http-nio-8080-exec-5] --- d.z.p.pet.web.rest.LoginController       : REST request to check if the current user is authenticated
2014-12-15 10:25:26.926  DEBUG [http-nio-8080-exec-2] --- d.z.p.p.w.filter.FlowIdDecoratorFilter   : generated FlowId : R2yaNn6KQOa7Ao0FpwwSHg
2014-12-15 10:25:32.209  DEBUG [http-nio-8080-exec-9] --- d.z.p.p.w.filter.FlowIdDecoratorFilter   : generated FlowId : R28CUljHTfi1oTs3vPjFwg
2014-12-15 10:25:32.210 R28CUljHTfi1oTs3vPjFwg  INFO [http-nio-8080-exec-9] --- d.z.p.pet.web.rest.LoginController       : REST request to check if the current user is authenticated
2014-12-15 10:25:35.652  DEBUG [http-nio-8080-exec-7] --- d.z.p.p.w.filter.FlowIdDecoratorFilter   : generated FlowId : R-xjGJWTQHaRLwieDs6zgA
2014-12-15 10:26:06.704  DEBUG [http-nio-8080-exec-4] --- d.z.p.p.w.filter.FlowIdDecoratorFilter   : generated FlowId : R2WYaoTiRYmGIhlvBxusQQ
2014-12-15 10:26:06.707 R2WYaoTiRYmGIhlvBxusQQ  INFO [http-nio-8080-exec-4] --- d.z.p.pet.web.rest.LoginController       : REST request to check if the current user is authenticated
2014-12-15 10:26:06.935  DEBUG [http-nio-8080-exec-6] --- d.z.p.p.w.filter.FlowIdDecoratorFilter   : generated FlowId : R7KYlARwQxGlUJTJ3Qv35w
2014-12-15 10:26:08.444  DEBUG [http-nio-8080-exec-7] --- d.z.p.p.w.filter.FlowIdDecoratorFilter   : generated FlowId : RwdFYlHhSzGc_9a9DEf9zA
2014-12-15 10:26:08.446 RwdFYlHhSzGc_9a9DEf9zA  INFO [http-nio-8080-exec-7] --- d.z.p.pet.web.rest.LoginController       : REST request to check if the current user is authenticated
2014-12-15 10:26:08.551  DEBUG [http-nio-8080-exec-5] --- d.z.p.p.w.filter.FlowIdDecoratorFilter   : generated FlowId : R552K66MTfmV-qER_HhWjg
2014-12-15 10:26:15.887  DEBUG [http-nio-8080-exec-8] --- d.z.p.p.w.filter.FlowIdDecoratorFilter   : generated FlowId : R76uVYvzSOCMZr9BEqY1BA
2014-12-15 10:26:15.888 R76uVYvzSOCMZr9BEqY1BA  INFO [http-nio-8080-exec-8] --- d.z.p.pet.web.rest.LoginController       : REST request to check if the current user is authenticated
2014-12-15 10:26:16.066  DEBUG [http-nio-8080-exec-6] --- d.z.p.p.w.filter.FlowIdDecoratorFilter   : generated FlowId : R2nalIfwTCuxlQtJQX2oWw
2014-12-15 10:26:18.301  DEBUG [http-nio-8080-exec-6] --- d.z.p.p.w.filter.FlowIdDecoratorFilter   : generated FlowId : RyzQ--PpRzKdvyzgJajoJg
2014-12-15 10:26:18.302 RyzQ--PpRzKdvyzgJajoJg  INFO [http-nio-8080-exec-6] --- d.z.p.pet.web.rest.LoginController       : REST request to check if the current user is authenticated
2014-12-15 10:26:18.461  DEBUG [http-nio-8080-exec-1] --- d.z.p.p.w.filter.FlowIdDecoratorFilter   : generated FlowId : R2pa0IpUSYiHEG9WarJWbQ
2014-12-15 10:26:19.738  DEBUG [http-nio-8080-exec-5] --- d.z.p.p.w.filter.FlowIdDecoratorFilter   : generated FlowId : RxtbAPqwQGK9fcB8fHB7tA
2014-12-15 10:26:19.738 RxtbAPqwQGK9fcB8fHB7tA  INFO [http-nio-8080-exec-5] --- d.z.p.pet.web.rest.LoginController       : REST request to check if the current user is authenticated
2014-12-15 10:26:19.865  DEBUG [http-nio-8080-exec-4] --- d.z.p.p.w.filter.FlowIdDecoratorFilter   : generated FlowId : R_oypE4YTrqxYbtGC1Isog
2014-12-15 10:26:26.438  DEBUG [ConfigServiceUpdater-1] --- d.z.a.r.UpdateableWebServiceResource     : Updating configuration from central config service now...
2014-12-15 10:27:26.438  DEBUG [ConfigServiceUpdater-1] --- d.z.a.r.UpdateableWebServiceResource     : Updating configuration from central config service now...
2014-12-15 10:28:26.438  DEBUG [ConfigServiceUpdater-1] --- d.z.a.r.UpdateableWebServiceResource     : Updating configuration from central config service now...
2014-12-15 10:29:26.438  DEBUG [ConfigServiceUpdater-1] --- d.z.a.r.UpdateableWebServiceResource     : Updating configuration from central config service now...
2014-12-15 10:30:26.438  DEBUG [ConfigServiceUpdater-1] --- d.z.a.r.UpdateableWebServiceResource     : Updating configuration from central config service now...
2014-12-15 10:31:26.438  DEBUG [ConfigServiceUpdater-1] --- d.z.a.r.UpdateableWebServiceResource     : Updating configuration from central config service now...
2014-12-15 10:32:26.438  DEBUG [ConfigServiceUpdater-1] --- d.z.a.r.UpdateableWebServiceResource     : Updating configuration from central config service now...
2014-12-15 10:33:26.438  DEBUG [ConfigServiceUpdater-1] --- d.z.a.r.UpdateableWebServiceResource     : Updating configuration from central config service now...
2014-12-15 10:34:26.438  DEBUG [ConfigServiceUpdater-1] --- d.z.a.r.UpdateableWebServiceResource     : Updating configuration from central config service now...
2014-12-15 10:35:26.438  DEBUG [ConfigServiceUpdater-1] --- d.z.a.r.UpdateableWebServiceResource     : Updating configuration from central config service now...
2014-12-15 10:35:50.176   INFO [pool-1-thread-1] --- d.z.p.p.s.AttributeDefinitionService     : Retrieving masterDataReadWebService.getAllAttributeDefinitions(false)
2014-12-15 10:36:26.440  DEBUG [ConfigServiceUpdater-1] --- d.z.a.r.UpdateableWebServiceResource     : Updating configuration from central config service now...
